<?xml version="1.0" encoding="UTF-8"?>
<!-- Generated by org.testng.reporters.JUnitReportReporter -->
<testsuite hostname="WKWIN2953833" failures="0" tests="4" name="apiTests.PetInfo" time="12.038" errors="0" timestamp="25 Nov 2020 08:29:03 GMT" skipped="1">
  <testcase classname="apiTests.PetInfo" name="addNewPet" time="4.267"/>
  <testcase classname="apiTests.PetInfo" name="updatePetStatus" time="4.077"/>
  <testcase classname="apiTests.PetInfo" name="getAvailablePets" time="3.694"/>
  <testcase classname="apiTests.PetInfo" name="deletePet">
    <skipped/>
  </testcase> <!-- deletePet -->
</testsuite> <!-- apiTests.PetInfo -->
